<?xml version="1.0" encoding="UTF-8"?>
<!-- Generated by org.testng.reporters.JUnitXMLReporter -->
<testsuite ignored="0" hostname="Sourabh" failures="0" tests="7" name="Admission" time="0.098" errors="0" timestamp="2025-10-29T13:35:41 IST">
  <testcase classname="Testng1.Program1" name="AdmissionBrokernLinks" time="0.011"/>
  <testcase classname="Testng1.Program1" name="AdmissionLogin1" time="0.002"/>
  <testcase classname="TestNg2.Program3" name="FacultyBrokenLinks" time="0.002"/>
  <testcase classname="TestNg2.Program3" name="FacultyLogin" time="0.002"/>
  <testcase classname="Testng1.Program2" name="FaultyInPlacement" time="0.002"/>
  <testcase classname="Testng1.Program2" name="PlacementBrokenLink" time="0.002"/>
  <testcase classname="Testng1.Program2" name="PlacementLogin" time="0.003"/>
</testsuite> <!-- Admission -->
