<?xml version="1.0" encoding="UTF-8"?>
<testng-results ignored="0" total="1" passed="1" failed="0" skipped="0">
  <reporter-output>
  </reporter-output>
  <suite started-at="2025-10-29T15:18:54 IST" name="Ecommerce Parameter Suite" finished-at="2025-10-29T15:18:59 IST" duration-ms="5348">
    <groups>
    </groups>
    <test started-at="2025-10-29T15:18:54 IST" name="Login Parameter Test" finished-at="2025-10-29T15:18:59 IST" duration-ms="5348">
      <class name="TestngDay36Assertions.LoginParameterTest">
        <test-method is-config="true" signature="setUp(java.lang.String)[pri:0, instance:TestngDay36Assertions.LoginParameterTest@7b98f307]" started-at="2025-10-29T15:18:54 IST" name="setUp" finished-at="2025-10-29T15:18:58 IST" duration-ms="3942" status="PASS">
          <params>
            <param index="0">
              <value>
                <![CDATA[chrome]]>
              </value>
            </param>
          </params>
          <reporter-output>
          </reporter-output>
        </test-method> <!-- setUp -->
        <test-method signature="loginTest(java.lang.String,java.lang.String)[pri:0, instance:TestngDay36Assertions.LoginParameterTest@7b98f307]" started-at="2025-10-29T15:18:58 IST" name="loginTest" finished-at="2025-10-29T15:18:59 IST" duration-ms="818" status="PASS">
          <params>
            <param index="0">
              <value>
                <![CDATA[standard_user]]>
              </value>
            </param>
            <param index="1">
              <value>
                <![CDATA[secret_sauce]]>
              </value>
            </param>
          </params>
          <reporter-output>
          </reporter-output>
        </test-method> <!-- loginTest -->
        <test-method is-config="true" signature="tearDown()[pri:0, instance:TestngDay36Assertions.LoginParameterTest@7b98f307]" started-at="2025-10-29T15:18:59 IST" name="tearDown" finished-at="2025-10-29T15:18:59 IST" duration-ms="495" status="PASS">
          <reporter-output>
          </reporter-output>
        </test-method> <!-- tearDown -->
      </class> <!-- TestngDay36Assertions.LoginParameterTest -->
    </test> <!-- Login Parameter Test -->
  </suite> <!-- Ecommerce Parameter Suite -->
</testng-results>
