<?xml version="1.0" encoding="UTF-8"?>
<testng-results ignored="1" total="6" passed="5" failed="0" skipped="0">
  <reporter-output>
  </reporter-output>
  <suite started-at="2025-10-29T14:00:07 IST" name="Suite" finished-at="2025-10-29T14:00:07 IST" duration-ms="138">
    <groups>
    </groups>
    <test started-at="2025-10-29T14:00:07 IST" name="College" finished-at="2025-10-29T14:00:07 IST" duration-ms="138">
      <class name="TestngDay3.Program3">
        <test-method signature="FacultyBrokenLinks()[pri:0, instance:TestngDay3.Program3@2a65fe7c]" started-at="2025-10-29T14:00:07 IST" name="FacultyBrokenLinks" finished-at="2025-10-29T14:00:07 IST" duration-ms="5" status="PASS">
          <reporter-output>
          </reporter-output>
        </test-method> <!-- FacultyBrokenLinks -->
        <test-method signature="FacultyLogin()[pri:0, instance:TestngDay3.Program3@2a65fe7c]" started-at="2025-10-29T14:00:07 IST" name="FacultyLogin" finished-at="2025-10-29T14:00:07 IST" duration-ms="3" status="PASS">
          <reporter-output>
          </reporter-output>
        </test-method> <!-- FacultyLogin -->
      </class> <!-- TestngDay3.Program3 -->
      <class name="TestngDay3.Program2">
        <test-method signature="PlacementBrokenLink()[pri:0, instance:TestngDay3.Program2@4562e04d]" started-at="2025-10-29T14:00:07 IST" name="PlacementBrokenLink" finished-at="2025-10-29T14:00:07 IST" duration-ms="3" status="PASS">
          <reporter-output>
          </reporter-output>
        </test-method> <!-- PlacementBrokenLink -->
        <test-method signature="PlacementLogin()[pri:0, instance:TestngDay3.Program2@4562e04d]" started-at="2025-10-29T14:00:07 IST" name="PlacementLogin" finished-at="2025-10-29T14:00:07 IST" depends-on-methods="FacultyLogin, FacultyBrokenLinks" duration-ms="1" status="PASS">
          <reporter-output>
          </reporter-output>
        </test-method> <!-- PlacementLogin -->
      </class> <!-- TestngDay3.Program2 -->
      <class name="TestngDay3.Program1">
        <test-method signature="AdmissionBrokernLinks()[pri:0, instance:TestngDay3.Program1@38d8f54a]" started-at="2025-10-29T14:00:07 IST" name="AdmissionBrokernLinks" finished-at="2025-10-29T14:00:07 IST" duration-ms="24" status="PASS">
          <reporter-output>
          </reporter-output>
        </test-method> <!-- AdmissionBrokernLinks -->
      </class> <!-- TestngDay3.Program1 -->
    </test> <!-- College -->
  </suite> <!-- Suite -->
</testng-results>
