<?xml version="1.0" encoding="UTF-8"?>
<!-- Generated by org.testng.reporters.JUnitXMLReporter -->
<testsuite ignored="0" hostname="Sourabh" failures="0" tests="4" name="Test" time="0.101" errors="0" timestamp="2025-10-28T17:10:35 IST">
  <testcase classname="Testng1.Program1" name="testcase1" time="0.012"/>
  <testcase classname="Testng1.Program1" name="testcase2" time="0.001"/>
  <testcase classname="Testng1.Program2" name="testCase3" time="0.003"/>
  <testcase classname="Testng1.Program2" name="testCase4" time="0.001"/>
</testsuite> <!-- Test -->
