<?xml version="1.0" encoding="UTF-8"?>
<testng-results ignored="0" total="4" passed="4" failed="0" skipped="0">
  <reporter-output>
  </reporter-output>
  <suite started-at="2025-10-29T14:27:27 IST" name="Default suite" finished-at="2025-10-29T14:27:27 IST" duration-ms="114">
    <groups>
    </groups>
    <test started-at="2025-10-29T14:27:27 IST" name="Default test" finished-at="2025-10-29T14:27:27 IST" duration-ms="114">
      <class name="TestngDay3.Program2">
        <test-method signature="FacultyLogin()[pri:0, instance:TestngDay3.Program2@f6efaab]" started-at="2025-10-29T14:27:27 IST" name="FacultyLogin" finished-at="2025-10-29T14:27:27 IST" duration-ms="26" status="PASS">
          <reporter-output>
          </reporter-output>
        </test-method> <!-- FacultyLogin -->
        <test-method signature="FacultyBrokenLinks()[pri:1, instance:TestngDay3.Program2@f6efaab]" started-at="2025-10-29T14:27:27 IST" name="FacultyBrokenLinks" finished-at="2025-10-29T14:27:27 IST" duration-ms="2" status="PASS">
          <reporter-output>
          </reporter-output>
        </test-method> <!-- FacultyBrokenLinks -->
        <test-method signature="PlacementLogin()[pri:2, instance:TestngDay3.Program2@f6efaab]" started-at="2025-10-29T14:27:27 IST" name="PlacementLogin" finished-at="2025-10-29T14:27:27 IST" duration-ms="3" status="PASS">
          <reporter-output>
          </reporter-output>
        </test-method> <!-- PlacementLogin -->
        <test-method signature="PlacementBrokenLink()[pri:3, instance:TestngDay3.Program2@f6efaab]" started-at="2025-10-29T14:27:27 IST" name="PlacementBrokenLink" finished-at="2025-10-29T14:27:27 IST" duration-ms="1" status="PASS">
          <reporter-output>
          </reporter-output>
        </test-method> <!-- PlacementBrokenLink -->
      </class> <!-- TestngDay3.Program2 -->
    </test> <!-- Default test -->
  </suite> <!-- Default suite -->
</testng-results>
