<?xml version="1.0" encoding="UTF-8"?>
<!-- Generated by org.testng.reporters.JUnitXMLReporter -->
<testsuite ignored="0" hostname="Sourabh" failures="0" tests="4" name="College" time="0.096" errors="0" timestamp="2025-10-29T14:54:39 IST">
  <testcase classname="TestngDay3.Program1" name="AdmissionBrokernLinks" time="0.014"/>
  <testcase classname="TestngDay3.Program2" name="PlacementBrokenLink" time="0.014"/>
  <testcase classname="TestngDay3.Program1" name="AdmissionLogin1" time="0.002"/>
  <testcase classname="TestngDay3.Program2" name="PlacementLogin" time="0.007"/>
</testsuite> <!-- College -->
