<?xml version="1.0" encoding="UTF-8"?>
<testng-results ignored="3" total="6" passed="3" failed="0" skipped="0">
  <reporter-output>
  </reporter-output>
  <suite started-at="2025-10-29T13:50:48 IST" name="Suite" finished-at="2025-10-29T13:50:48 IST" duration-ms="103">
    <groups>
    </groups>
    <test started-at="2025-10-29T13:50:48 IST" name="College" finished-at="2025-10-29T13:50:48 IST" duration-ms="103">
      <class name="TestngDay3.Program3">
        <test-method signature="FacultyBrokenLinks()[pri:0, instance:TestngDay3.Program3@34a3d150]" started-at="2025-10-29T13:50:48 IST" name="FacultyBrokenLinks" finished-at="2025-10-29T13:50:48 IST" duration-ms="3" status="PASS">
          <reporter-output>
          </reporter-output>
        </test-method> <!-- FacultyBrokenLinks -->
      </class> <!-- TestngDay3.Program3 -->
      <class name="TestngDay3.Program2">
        <test-method signature="PlacementBrokenLink()[pri:0, instance:TestngDay3.Program2@31304f14]" started-at="2025-10-29T13:50:48 IST" name="PlacementBrokenLink" finished-at="2025-10-29T13:50:48 IST" duration-ms="2" status="PASS">
          <reporter-output>
          </reporter-output>
        </test-method> <!-- PlacementBrokenLink -->
      </class> <!-- TestngDay3.Program2 -->
      <class name="TestngDay3.Program1">
        <test-method signature="AdmissionBrokernLinks()[pri:0, instance:TestngDay3.Program1@689604d9]" started-at="2025-10-29T13:50:48 IST" name="AdmissionBrokernLinks" finished-at="2025-10-29T13:50:48 IST" duration-ms="24" status="PASS">
          <reporter-output>
          </reporter-output>
        </test-method> <!-- AdmissionBrokernLinks -->
      </class> <!-- TestngDay3.Program1 -->
    </test> <!-- College -->
  </suite> <!-- Suite -->
</testng-results>
