<?xml version="1.0" encoding="UTF-8"?>
<!-- Generated by org.testng.reporters.JUnitXMLReporter -->
<testsuite ignored="0" hostname="Sourabh" failures="1" tests="2" name="Faculty" time="0.018" errors="0" timestamp="2025-10-28T17:21:41 IST">
  <testcase classname="Testng1.Program3" name="FacultyBrokenLinks" time="0.01">
    <failure type="java.lang.AssertionError" message="expected [B] but found [A]">
      <![CDATA[java.lang.AssertionError: expected [B] but found [A]
at Testng1.Program3.FacultyBrokenLinks(Program3.java:21)
at java.base/java.util.ArrayList.forEach(ArrayList.java:1596)
... Removed 31 stack frames]]>
    </failure>
  </testcase> <!-- FacultyBrokenLinks -->
  <testcase classname="Testng1.Program3" name="FacultyLogin" time="0.001"/>
</testsuite> <!-- Faculty -->
