<?xml version="1.0" encoding="UTF-8"?>
<testng-results ignored="0" total="4" passed="4" failed="0" skipped="0">
  <reporter-output>
  </reporter-output>
  <suite started-at="2025-10-28T17:10:35 IST" name="Suite" finished-at="2025-10-28T17:10:35 IST" duration-ms="101">
    <groups>
    </groups>
    <test started-at="2025-10-28T17:10:35 IST" name="Test" finished-at="2025-10-28T17:10:35 IST" duration-ms="101">
      <class name="Testng1.Program1">
        <test-method signature="testcase1()[pri:0, instance:Testng1.Program1@5876a9af]" started-at="2025-10-28T17:10:35 IST" name="testcase1" finished-at="2025-10-28T17:10:35 IST" duration-ms="12" status="PASS">
          <reporter-output>
          </reporter-output>
        </test-method> <!-- testcase1 -->
        <test-method signature="testcase2()[pri:0, instance:Testng1.Program1@5876a9af]" started-at="2025-10-28T17:10:35 IST" name="testcase2" finished-at="2025-10-28T17:10:35 IST" duration-ms="1" status="PASS">
          <reporter-output>
          </reporter-output>
        </test-method> <!-- testcase2 -->
      </class> <!-- Testng1.Program1 -->
      <class name="Testng1.Program2">
        <test-method signature="testCase3()[pri:0, instance:Testng1.Program2@245b4bdc]" started-at="2025-10-28T17:10:35 IST" name="testCase3" finished-at="2025-10-28T17:10:35 IST" duration-ms="3" status="PASS">
          <reporter-output>
          </reporter-output>
        </test-method> <!-- testCase3 -->
        <test-method signature="testCase4()[pri:0, instance:Testng1.Program2@245b4bdc]" started-at="2025-10-28T17:10:35 IST" name="testCase4" finished-at="2025-10-28T17:10:35 IST" duration-ms="1" status="PASS">
          <reporter-output>
          </reporter-output>
        </test-method> <!-- testCase4 -->
      </class> <!-- Testng1.Program2 -->
    </test> <!-- Test -->
  </suite> <!-- Suite -->
</testng-results>
