<?xml version="1.0" encoding="UTF-8"?>
<!-- Generated by org.testng.reporters.JUnitXMLReporter -->
<testsuite ignored="2" hostname="Sourabh" failures="0" tests="0" time="0.002" errors="0" timestamp="2025-10-29T13:26:22 IST">
  <testcase classname="TestngDay3.Program3" name="FacultyLogin" time="0.0">
    <ignored/>
  </testcase> <!-- FacultyLogin -->
  <testcase classname="TestngDay3.Program3" name="FacultyBrokenLinks" time="0.0">
    <ignored/>
  </testcase> <!-- FacultyBrokenLinks -->
</testsuite>
