<?xml version="1.0" encoding="UTF-8"?>
<!-- Generated by org.testng.reporters.JUnitXMLReporter -->
<testsuite ignored="0" hostname="Sourabh" failures="0" tests="4" name="Placement and Faculty" time="0.058" errors="0" timestamp="2025-10-29T13:43:24 IST">
  <testcase classname="TestngDay3.Program2" name="PlacementBrokenLink" time="0.002"/>
  <testcase classname="TestngDay3.Program2" name="PlacementLogin" time="0.003"/>
  <testcase classname="TestngDay3.Program3" name="FacultyBrokenLinks" time="0.003"/>
  <testcase classname="TestngDay3.Program3" name="FacultyLogin" time="0.003"/>
</testsuite> <!-- Placement and Faculty -->
