<?xml version="1.0" encoding="UTF-8"?>
<!-- Generated by org.testng.reporters.JUnitXMLReporter -->
<testsuite ignored="0" hostname="Sourabh" failures="0" tests="4" name="Default test" time="0.114" errors="0" timestamp="2025-10-29T14:27:27 IST">
  <testcase classname="TestngDay3.Program2" name="FacultyLogin" time="0.026"/>
  <testcase classname="TestngDay3.Program2" name="FacultyBrokenLinks" time="0.002"/>
  <testcase classname="TestngDay3.Program2" name="PlacementLogin" time="0.003"/>
  <testcase classname="TestngDay3.Program2" name="PlacementBrokenLink" time="0.001"/>
</testsuite> <!-- Default test -->
