<?xml version="1.0" encoding="UTF-8"?>
<testng-results ignored="0" total="7" passed="7" failed="0" skipped="0">
  <reporter-output>
  </reporter-output>
  <suite started-at="2025-10-29T13:35:41 IST" name="Suite" finished-at="2025-10-29T13:35:41 IST" duration-ms="98">
    <groups>
    </groups>
    <test started-at="2025-10-29T13:35:41 IST" name="Admission" finished-at="2025-10-29T13:35:41 IST" duration-ms="98">
      <class name="TestNg2.Program3">
        <test-method signature="FacultyBrokenLinks()[pri:0, instance:TestNg2.Program3@397fbdb]" started-at="2025-10-29T13:35:41 IST" name="FacultyBrokenLinks" finished-at="2025-10-29T13:35:41 IST" duration-ms="2" status="PASS">
          <reporter-output>
          </reporter-output>
        </test-method> <!-- FacultyBrokenLinks -->
        <test-method signature="FacultyLogin()[pri:0, instance:TestNg2.Program3@397fbdb]" started-at="2025-10-29T13:35:41 IST" name="FacultyLogin" finished-at="2025-10-29T13:35:41 IST" duration-ms="2" status="PASS">
          <reporter-output>
          </reporter-output>
        </test-method> <!-- FacultyLogin -->
      </class> <!-- TestNg2.Program3 -->
      <class name="Testng1.Program1">
        <test-method signature="AdmissionBrokernLinks()[pri:0, instance:Testng1.Program1@73a1e9a9]" started-at="2025-10-29T13:35:41 IST" name="AdmissionBrokernLinks" finished-at="2025-10-29T13:35:41 IST" duration-ms="11" status="PASS">
          <reporter-output>
          </reporter-output>
        </test-method> <!-- AdmissionBrokernLinks -->
        <test-method signature="AdmissionLogin1()[pri:0, instance:Testng1.Program1@73a1e9a9]" started-at="2025-10-29T13:35:41 IST" name="AdmissionLogin1" finished-at="2025-10-29T13:35:41 IST" duration-ms="2" status="PASS">
          <reporter-output>
          </reporter-output>
        </test-method> <!-- AdmissionLogin1 -->
      </class> <!-- Testng1.Program1 -->
      <class name="Testng1.Program2">
        <test-method signature="FaultyInPlacement()[pri:0, instance:Testng1.Program2@3590fc5b]" started-at="2025-10-29T13:35:41 IST" name="FaultyInPlacement" finished-at="2025-10-29T13:35:41 IST" duration-ms="2" status="PASS">
          <reporter-output>
          </reporter-output>
        </test-method> <!-- FaultyInPlacement -->
        <test-method signature="PlacementBrokenLink()[pri:0, instance:Testng1.Program2@3590fc5b]" started-at="2025-10-29T13:35:41 IST" name="PlacementBrokenLink" finished-at="2025-10-29T13:35:41 IST" duration-ms="2" status="PASS">
          <reporter-output>
          </reporter-output>
        </test-method> <!-- PlacementBrokenLink -->
        <test-method signature="PlacementLogin()[pri:0, instance:Testng1.Program2@3590fc5b]" started-at="2025-10-29T13:35:41 IST" name="PlacementLogin" finished-at="2025-10-29T13:35:41 IST" duration-ms="3" status="PASS">
          <reporter-output>
          </reporter-output>
        </test-method> <!-- PlacementLogin -->
      </class> <!-- Testng1.Program2 -->
    </test> <!-- Admission -->
  </suite> <!-- Suite -->
</testng-results>
