<?xml version="1.0" encoding="UTF-8"?>
<testng-results ignored="3" total="7" passed="4" failed="0" skipped="0">
  <reporter-output>
  </reporter-output>
  <suite started-at="2025-10-29T13:26:22 IST" name="Suite" finished-at="2025-10-29T13:26:22 IST" duration-ms="235">
    <groups>
    </groups>
    <test started-at="2025-10-29T13:26:22 IST" name="Admission" finished-at="2025-10-29T13:26:22 IST" duration-ms="89">
      <class name="TestngDay3.Program1">
        <test-method signature="AdmissionLogin1()[pri:0, instance:TestngDay3.Program1@409bf450]" started-at="2025-10-29T13:26:22 IST" name="AdmissionLogin1" finished-at="2025-10-29T13:26:22 IST" duration-ms="16" status="PASS">
          <reporter-output>
          </reporter-output>
        </test-method> <!-- AdmissionLogin1 -->
        <test-method signature="AdmissionBrokernLinks()[pri:0, instance:TestngDay3.Program1@409bf450]" started-at="2025-10-29T13:26:22 IST" name="AdmissionBrokernLinks" finished-at="2025-10-29T13:26:22 IST" duration-ms="4" status="PASS">
          <reporter-output>
          </reporter-output>
        </test-method> <!-- AdmissionBrokernLinks -->
      </class> <!-- TestngDay3.Program1 -->
    </test> <!-- Admission -->
    <test started-at="2025-10-29T13:26:22 IST" name="Placement" finished-at="2025-10-29T13:26:22 IST" duration-ms="12">
      <class name="TestngDay3.Program2">
        <test-method signature="FaultyInPlacement()[pri:0, instance:TestngDay3.Program2@2f4948e4]" started-at="2025-10-29T13:26:22 IST" name="FaultyInPlacement" finished-at="2025-10-29T13:26:22 IST" duration-ms="3" status="PASS">
          <reporter-output>
          </reporter-output>
        </test-method> <!-- FaultyInPlacement -->
        <test-method signature="PlacementBrokenLink()[pri:0, instance:TestngDay3.Program2@2f4948e4]" started-at="2025-10-29T13:26:22 IST" name="PlacementBrokenLink" finished-at="2025-10-29T13:26:22 IST" duration-ms="1" status="PASS">
          <reporter-output>
          </reporter-output>
        </test-method> <!-- PlacementBrokenLink -->
      </class> <!-- TestngDay3.Program2 -->
    </test> <!-- Placement -->
    <test started-at="2025-10-29T13:26:22 IST" name="Faculty" finished-at="2025-10-29T13:26:22 IST" duration-ms="2">
    </test> <!-- Faculty -->
  </suite> <!-- Suite -->
</testng-results>
