<?xml version="1.0" encoding="UTF-8"?>
<!-- Generated by org.testng.reporters.JUnitXMLReporter -->
<testsuite ignored="0" hostname="Sourabh" failures="0" tests="3" name="Default test" time="0.07" errors="0" timestamp="2025-10-28T16:56:20 IST">
  <testcase classname="TestngDay2.TestngDay2.NewTest" name="f" time="0.007"/>
  <testcase classname="TestngDay2.TestngDay2.NewTest" name="f1" time="0.002"/>
  <testcase classname="TestngDay2.TestngDay2.NewTest" name="f2" time="0.004"/>
</testsuite> <!-- Default test -->
