<?xml version="1.0" encoding="UTF-8"?>
<testng-results ignored="0" total="1" passed="1" failed="0" skipped="0">
  <reporter-output>
  </reporter-output>
  <suite started-at="2025-10-29T17:36:14 IST" name="Default suite" finished-at="2025-10-29T17:36:24 IST" duration-ms="10730">
    <groups>
    </groups>
    <test started-at="2025-10-29T17:36:14 IST" name="Default test" finished-at="2025-10-29T17:36:24 IST" duration-ms="10730">
      <class name="TestngDay3SwitchWindow.WindowHandlerTest">
        <test-method is-config="true" signature="setup()[pri:0, instance:TestngDay3SwitchWindow.WindowHandlerTest@31304f14]" started-at="2025-10-29T17:36:14 IST" name="setup" finished-at="2025-10-29T17:36:17 IST" duration-ms="3107" status="PASS">
          <reporter-output>
          </reporter-output>
        </test-method> <!-- setup -->
        <test-method signature="handleWindowExample()[pri:0, instance:TestngDay3SwitchWindow.WindowHandlerTest@31304f14]" started-at="2025-10-29T17:36:17 IST" name="handleWindowExample" finished-at="2025-10-29T17:36:24 IST" duration-ms="7087" status="PASS">
          <reporter-output>
          </reporter-output>
        </test-method> <!-- handleWindowExample -->
        <test-method is-config="true" signature="tearDown()[pri:0, instance:TestngDay3SwitchWindow.WindowHandlerTest@31304f14]" started-at="2025-10-29T17:36:24 IST" name="tearDown" finished-at="2025-10-29T17:36:24 IST" duration-ms="441" status="PASS">
          <reporter-output>
          </reporter-output>
        </test-method> <!-- tearDown -->
      </class> <!-- TestngDay3SwitchWindow.WindowHandlerTest -->
    </test> <!-- Default test -->
  </suite> <!-- Default suite -->
</testng-results>
