<?xml version="1.0" encoding="UTF-8"?>
<testng-results ignored="0" total="3" passed="3" failed="0" skipped="0">
  <reporter-output>
  </reporter-output>
  <suite started-at="2025-10-28T16:56:19 IST" name="Default suite" finished-at="2025-10-28T16:56:20 IST" duration-ms="70">
    <groups>
    </groups>
    <test started-at="2025-10-28T16:56:19 IST" name="Default test" finished-at="2025-10-28T16:56:20 IST" duration-ms="70">
      <class name="TestngDay2.TestngDay2.NewTest">
        <test-method is-config="true" signature="setupclass()[pri:0, instance:TestngDay2.TestngDay2.NewTest@f6efaab]" started-at="2025-10-28T16:56:19 IST" name="setupclass" finished-at="2025-10-28T16:56:19 IST" duration-ms="6" status="PASS">
          <reporter-output>
          </reporter-output>
        </test-method> <!-- setupclass -->
        <test-method signature="f()[pri:0, instance:TestngDay2.TestngDay2.NewTest@f6efaab]" started-at="2025-10-28T16:56:20 IST" name="f" finished-at="2025-10-28T16:56:20 IST" duration-ms="7" status="PASS">
          <reporter-output>
          </reporter-output>
        </test-method> <!-- f -->
        <test-method is-config="true" signature="setup()[pri:0, instance:TestngDay2.TestngDay2.NewTest@f6efaab]" started-at="2025-10-28T16:56:20 IST" name="setup" finished-at="2025-10-28T16:56:20 IST" duration-ms="0" status="PASS">
          <reporter-output>
          </reporter-output>
        </test-method> <!-- setup -->
        <test-method is-config="true" signature="teardown()[pri:0, instance:TestngDay2.TestngDay2.NewTest@f6efaab]" started-at="2025-10-28T16:56:20 IST" name="teardown" finished-at="2025-10-28T16:56:20 IST" duration-ms="0" status="PASS">
          <reporter-output>
          </reporter-output>
        </test-method> <!-- teardown -->
        <test-method signature="f1()[pri:0, instance:TestngDay2.TestngDay2.NewTest@f6efaab]" started-at="2025-10-28T16:56:20 IST" name="f1" finished-at="2025-10-28T16:56:20 IST" duration-ms="2" status="PASS">
          <reporter-output>
          </reporter-output>
        </test-method> <!-- f1 -->
        <test-method is-config="true" signature="setup()[pri:0, instance:TestngDay2.TestngDay2.NewTest@f6efaab]" started-at="2025-10-28T16:56:20 IST" name="setup" finished-at="2025-10-28T16:56:20 IST" duration-ms="0" status="PASS">
          <reporter-output>
          </reporter-output>
        </test-method> <!-- setup -->
        <test-method is-config="true" signature="teardown()[pri:0, instance:TestngDay2.TestngDay2.NewTest@f6efaab]" started-at="2025-10-28T16:56:20 IST" name="teardown" finished-at="2025-10-28T16:56:20 IST" duration-ms="1" status="PASS">
          <reporter-output>
          </reporter-output>
        </test-method> <!-- teardown -->
        <test-method is-config="true" signature="setup()[pri:0, instance:TestngDay2.TestngDay2.NewTest@f6efaab]" started-at="2025-10-28T16:56:20 IST" name="setup" finished-at="2025-10-28T16:56:20 IST" duration-ms="1" status="PASS">
          <reporter-output>
          </reporter-output>
        </test-method> <!-- setup -->
        <test-method signature="f2()[pri:0, instance:TestngDay2.TestngDay2.NewTest@f6efaab]" started-at="2025-10-28T16:56:20 IST" name="f2" finished-at="2025-10-28T16:56:20 IST" duration-ms="4" status="PASS">
          <reporter-output>
          </reporter-output>
        </test-method> <!-- f2 -->
        <test-method is-config="true" signature="teardown()[pri:0, instance:TestngDay2.TestngDay2.NewTest@f6efaab]" started-at="2025-10-28T16:56:20 IST" name="teardown" finished-at="2025-10-28T16:56:20 IST" duration-ms="0" status="PASS">
          <reporter-output>
          </reporter-output>
        </test-method> <!-- teardown -->
        <test-method is-config="true" signature="setupAfterclass()[pri:0, instance:TestngDay2.TestngDay2.NewTest@f6efaab]" started-at="2025-10-28T16:56:20 IST" name="setupAfterclass" finished-at="2025-10-28T16:56:20 IST" duration-ms="1" status="PASS">
          <reporter-output>
          </reporter-output>
        </test-method> <!-- setupAfterclass -->
      </class> <!-- TestngDay2.TestngDay2.NewTest -->
    </test> <!-- Default test -->
  </suite> <!-- Default suite -->
</testng-results>
