<?xml version="1.0" encoding="UTF-8"?>
<testng-results ignored="0" total="2" passed="2" failed="0" skipped="0">
  <reporter-output>
  </reporter-output>
  <suite started-at="2025-10-29T17:19:03 IST" name="Default suite" finished-at="2025-10-29T17:19:41 IST" duration-ms="38335">
    <groups>
    </groups>
    <test started-at="2025-10-29T17:19:03 IST" name="Default test" finished-at="2025-10-29T17:19:41 IST" duration-ms="38335">
      <class name="TestCases.Program1">
        <test-method is-config="true" signature="setup()[pri:0, instance:TestCases.Program1@31304f14]" started-at="2025-10-29T17:19:03 IST" name="setup" finished-at="2025-10-29T17:19:19 IST" duration-ms="15950" status="PASS">
          <reporter-output>
          </reporter-output>
        </test-method> <!-- setup -->
        <test-method signature="signInTestcase()[pri:0, instance:TestCases.Program1@31304f14]" started-at="2025-10-29T17:19:19 IST" name="signInTestcase" finished-at="2025-10-29T17:19:26 IST" duration-ms="7569" status="PASS">
          <reporter-output>
          </reporter-output>
        </test-method> <!-- signInTestcase -->
        <test-method is-config="true" signature="teardown()[pri:0, instance:TestCases.Program1@31304f14]" started-at="2025-10-29T17:19:26 IST" name="teardown" finished-at="2025-10-29T17:19:27 IST" duration-ms="1172" status="PASS">
          <reporter-output>
          </reporter-output>
        </test-method> <!-- teardown -->
        <test-method is-config="true" signature="setup()[pri:0, instance:TestCases.Program1@31304f14]" started-at="2025-10-29T17:19:27 IST" name="setup" finished-at="2025-10-29T17:19:39 IST" duration-ms="11837" status="PASS">
          <reporter-output>
          </reporter-output>
        </test-method> <!-- setup -->
        <test-method signature="verifyLogo()[pri:0, instance:TestCases.Program1@31304f14]" started-at="2025-10-29T17:19:39 IST" name="verifyLogo" finished-at="2025-10-29T17:19:40 IST" duration-ms="328" status="PASS">
          <reporter-output>
          </reporter-output>
        </test-method> <!-- verifyLogo -->
        <test-method is-config="true" signature="teardown()[pri:0, instance:TestCases.Program1@31304f14]" started-at="2025-10-29T17:19:40 IST" name="teardown" finished-at="2025-10-29T17:19:41 IST" duration-ms="1385" status="PASS">
          <reporter-output>
          </reporter-output>
        </test-method> <!-- teardown -->
      </class> <!-- TestCases.Program1 -->
    </test> <!-- Default test -->
  </suite> <!-- Default suite -->
</testng-results>
